<?xml version='1.0' encoding='UTF-8' ?>
<testsuite name="IsValidTest" tests="19" failures="0" errors="0" skipped="0" time="0.457" timestamp="2016-02-25T03:24:32" hostname="localhost">
  <properties>
    <property name="device" value="Nexus_5_API_22(AVD) - 5.1" />
    <property name="flavor" value="" />
    <property name="project" value="app" />
  </properties>
  <testcase name="testAndroidTestCaseSetupProperly" classname="IsValidTest" time="0.025" />
  <testcase name="testVerify" classname="IsValidTest" time="0.102" />
  <testcase name="testAndroidTestCaseSetupProperly" classname="com.donthaveawebsite.mhy.ocfix.ApplicationTest" time="0.0" />
  <testcase name="testApplicationTestCaseSetUpProperly" classname="com.donthaveawebsite.mhy.ocfix.ApplicationTest" time="0.0" />
  <testcase name="testAndroidTestCaseSetupProperly" classname="com.donthaveawebsite.mhy.ocfix.BoardTest" time="0.0" />
  <testcase name="testBoardConstructor" classname="com.donthaveawebsite.mhy.ocfix.BoardTest" time="0.0" />
  <testcase name="testAndroidTestCaseSetupProperly" classname="com.donthaveawebsite.mhy.ocfix.PawnTest" time="0.0" />
  <testcase name="testPawnFirstMove" classname="com.donthaveawebsite.mhy.ocfix.PawnTest" time="0.0" />
  <testcase name="testPawnMC" classname="com.donthaveawebsite.mhy.ocfix.PawnTest" time="0.0" />
  <testcase name="testPawnOnMove" classname="com.donthaveawebsite.mhy.ocfix.PawnTest" time="0.0" />
  <testcase name="testAndroidTestCaseSetupProperly" classname="com.donthaveawebsite.mhy.ocfix.PieceTest" time="0.0" />
  <testcase name="testPieceAvailable" classname="com.donthaveawebsite.mhy.ocfix.PieceTest" time="0.0" />
  <testcase name="testPieceColor" classname="com.donthaveawebsite.mhy.ocfix.PieceTest" time="0.0" />
  <testcase name="testPieceXYZ" classname="com.donthaveawebsite.mhy.ocfix.PieceTest" time="0.026" />
  <testcase name="testRelatedPieces" classname="com.donthaveawebsite.mhy.ocfix.PieceTest" time="0.025" />
  <testcase name="testAndroidTestCaseSetupProperly" classname="com.donthaveawebsite.mhy.ocfix.SelectorTest" time="0.125" />
  <testcase name="testAndroidTestCaseSetupProperly" classname="com.donthaveawebsite.mhy.ocfix.SpotTest" time="0.0" />
  <testcase name="testPlacePiece" classname="com.donthaveawebsite.mhy.ocfix.SpotTest" time="0.0" />
  <testcase name="testReleaseSpot" classname="com.donthaveawebsite.mhy.ocfix.SpotTest" time="0.0" />
</testsuite>